<?xml version="1.0" encoding="UTF-8"?>
<coverage generated="1770817555220" clover="3.2.0">
  <project timestamp="1770817555220" name="All files">
    <metrics statements="35" coveredstatements="9" conditionals="0" coveredconditionals="0" methods="37" coveredmethods="0" elements="72" coveredelements="9" complexity="0" loc="35" ncloc="35" packages="5" files="25" classes="25"/>
    <package name="src">
      <metrics statements="13" coveredstatements="9" conditionals="0" coveredconditionals="0" methods="2" coveredmethods="0"/>
      <file name="App.tsx" path="/home/h/IT/Move/sui_vibe_hackathon_2026/frontend/src/App.tsx">
        <metrics statements="1" coveredstatements="0" conditionals="0" coveredconditionals="0" methods="1" coveredmethods="0"/>
        <line num="12" count="0" type="stmt"/>
      </file>
      <file name="constants.ts" path="/home/h/IT/Move/sui_vibe_hackathon_2026/frontend/src/constants.ts">
        <metrics statements="9" coveredstatements="9" conditionals="0" coveredconditionals="0" methods="0" coveredmethods="0"/>
        <line num="2" count="1" type="stmt"/>
        <line num="5" count="1" type="stmt"/>
        <line num="8" count="1" type="stmt"/>
        <line num="9" count="1" type="stmt"/>
        <line num="10" count="1" type="stmt"/>
        <line num="11" count="1" type="stmt"/>
        <line num="14" count="1" type="stmt"/>
        <line num="15" count="1" type="stmt"/>
        <line num="16" count="1" type="stmt"/>
      </file>
      <file name="dapp-kit.ts" path="/home/h/IT/Move/sui_vibe_hackathon_2026/frontend/src/dapp-kit.ts">
        <metrics statements="3" coveredstatements="0" conditionals="0" coveredconditionals="0" methods="1" coveredmethods="0"/>
        <line num="4" count="0" type="stmt"/>
        <line num="8" count="0" type="stmt"/>
        <line num="11" count="0" type="stmt"/>
      </file>
    </package>
    <package name="src.components">
      <metrics statements="12" coveredstatements="0" conditionals="0" coveredconditionals="0" methods="12" coveredmethods="0"/>
      <file name="AssetSelector.tsx" path="/home/h/IT/Move/sui_vibe_hackathon_2026/frontend/src/components/AssetSelector.tsx">
        <metrics statements="1" coveredstatements="0" conditionals="0" coveredconditionals="0" methods="1" coveredmethods="0"/>
        <line num="3" count="0" type="stmt"/>
      </file>
      <file name="CreateEscrowForm.tsx" path="/home/h/IT/Move/sui_vibe_hackathon_2026/frontend/src/components/CreateEscrowForm.tsx">
        <metrics statements="1" coveredstatements="0" conditionals="0" coveredconditionals="0" methods="1" coveredmethods="0"/>
        <line num="3" count="0" type="stmt"/>
      </file>
      <file name="CreateSwapForm.tsx" path="/home/h/IT/Move/sui_vibe_hackathon_2026/frontend/src/components/CreateSwapForm.tsx">
        <metrics statements="1" coveredstatements="0" conditionals="0" coveredconditionals="0" methods="1" coveredmethods="0"/>
        <line num="3" count="0" type="stmt"/>
      </file>
      <file name="EscrowCard.tsx" path="/home/h/IT/Move/sui_vibe_hackathon_2026/frontend/src/components/EscrowCard.tsx">
        <metrics statements="1" coveredstatements="0" conditionals="0" coveredconditionals="0" methods="1" coveredmethods="0"/>
        <line num="3" count="0" type="stmt"/>
      </file>
      <file name="EscrowDetail.tsx" path="/home/h/IT/Move/sui_vibe_hackathon_2026/frontend/src/components/EscrowDetail.tsx">
        <metrics statements="1" coveredstatements="0" conditionals="0" coveredconditionals="0" methods="1" coveredmethods="0"/>
        <line num="3" count="0" type="stmt"/>
      </file>
      <file name="EscrowList.tsx" path="/home/h/IT/Move/sui_vibe_hackathon_2026/frontend/src/components/EscrowList.tsx">
        <metrics statements="1" coveredstatements="0" conditionals="0" coveredconditionals="0" methods="1" coveredmethods="0"/>
        <line num="3" count="0" type="stmt"/>
      </file>
      <file name="EventTimeline.tsx" path="/home/h/IT/Move/sui_vibe_hackathon_2026/frontend/src/components/EventTimeline.tsx">
        <metrics statements="1" coveredstatements="0" conditionals="0" coveredconditionals="0" methods="1" coveredmethods="0"/>
        <line num="5" count="0" type="stmt"/>
      </file>
      <file name="Navbar.tsx" path="/home/h/IT/Move/sui_vibe_hackathon_2026/frontend/src/components/Navbar.tsx">
        <metrics statements="1" coveredstatements="0" conditionals="0" coveredconditionals="0" methods="1" coveredmethods="0"/>
        <line num="3" count="0" type="stmt"/>
      </file>
      <file name="StatusBadge.tsx" path="/home/h/IT/Move/sui_vibe_hackathon_2026/frontend/src/components/StatusBadge.tsx">
        <metrics statements="1" coveredstatements="0" conditionals="0" coveredconditionals="0" methods="1" coveredmethods="0"/>
        <line num="3" count="0" type="stmt"/>
      </file>
      <file name="SwapCard.tsx" path="/home/h/IT/Move/sui_vibe_hackathon_2026/frontend/src/components/SwapCard.tsx">
        <metrics statements="1" coveredstatements="0" conditionals="0" coveredconditionals="0" methods="1" coveredmethods="0"/>
        <line num="3" count="0" type="stmt"/>
      </file>
      <file name="SwapDetail.tsx" path="/home/h/IT/Move/sui_vibe_hackathon_2026/frontend/src/components/SwapDetail.tsx">
        <metrics statements="1" coveredstatements="0" conditionals="0" coveredconditionals="0" methods="1" coveredmethods="0"/>
        <line num="3" count="0" type="stmt"/>
      </file>
      <file name="SwapList.tsx" path="/home/h/IT/Move/sui_vibe_hackathon_2026/frontend/src/components/SwapList.tsx">
        <metrics statements="1" coveredstatements="0" conditionals="0" coveredconditionals="0" methods="1" coveredmethods="0"/>
        <line num="3" count="0" type="stmt"/>
      </file>
    </package>
    <package name="src.hooks">
      <metrics statements="3" coveredstatements="0" conditionals="0" coveredconditionals="0" methods="16" coveredmethods="0"/>
      <file name="useEscrow.ts" path="/home/h/IT/Move/sui_vibe_hackathon_2026/frontend/src/hooks/useEscrow.ts">
        <metrics statements="1" coveredstatements="0" conditionals="0" coveredconditionals="0" methods="9" coveredmethods="0"/>
        <line num="41" count="0" type="stmt"/>
      </file>
      <file name="useSwap.ts" path="/home/h/IT/Move/sui_vibe_hackathon_2026/frontend/src/hooks/useSwap.ts">
        <metrics statements="2" coveredstatements="0" conditionals="0" coveredconditionals="0" methods="7" coveredmethods="0"/>
        <line num="25" count="0" type="stmt"/>
        <line num="30" count="0" type="stmt"/>
      </file>
    </package>
    <package name="src.pages">
      <metrics statements="7" coveredstatements="0" conditionals="0" coveredconditionals="0" methods="7" coveredmethods="0"/>
      <file name="CreateEscrow.tsx" path="/home/h/IT/Move/sui_vibe_hackathon_2026/frontend/src/pages/CreateEscrow.tsx">
        <metrics statements="1" coveredstatements="0" conditionals="0" coveredconditionals="0" methods="1" coveredmethods="0"/>
        <line num="5" count="0" type="stmt"/>
      </file>
      <file name="CreateSwap.tsx" path="/home/h/IT/Move/sui_vibe_hackathon_2026/frontend/src/pages/CreateSwap.tsx">
        <metrics statements="1" coveredstatements="0" conditionals="0" coveredconditionals="0" methods="1" coveredmethods="0"/>
        <line num="5" count="0" type="stmt"/>
      </file>
      <file name="EscrowDetailPage.tsx" path="/home/h/IT/Move/sui_vibe_hackathon_2026/frontend/src/pages/EscrowDetailPage.tsx">
        <metrics statements="1" coveredstatements="0" conditionals="0" coveredconditionals="0" methods="1" coveredmethods="0"/>
        <line num="5" count="0" type="stmt"/>
      </file>
      <file name="Landing.tsx" path="/home/h/IT/Move/sui_vibe_hackathon_2026/frontend/src/pages/Landing.tsx">
        <metrics statements="1" coveredstatements="0" conditionals="0" coveredconditionals="0" methods="1" coveredmethods="0"/>
        <line num="3" count="0" type="stmt"/>
      </file>
      <file name="MyEscrows.tsx" path="/home/h/IT/Move/sui_vibe_hackathon_2026/frontend/src/pages/MyEscrows.tsx">
        <metrics statements="1" coveredstatements="0" conditionals="0" coveredconditionals="0" methods="1" coveredmethods="0"/>
        <line num="5" count="0" type="stmt"/>
      </file>
      <file name="MySwaps.tsx" path="/home/h/IT/Move/sui_vibe_hackathon_2026/frontend/src/pages/MySwaps.tsx">
        <metrics statements="1" coveredstatements="0" conditionals="0" coveredconditionals="0" methods="1" coveredmethods="0"/>
        <line num="5" count="0" type="stmt"/>
      </file>
      <file name="SwapDetailPage.tsx" path="/home/h/IT/Move/sui_vibe_hackathon_2026/frontend/src/pages/SwapDetailPage.tsx">
        <metrics statements="1" coveredstatements="0" conditionals="0" coveredconditionals="0" methods="1" coveredmethods="0"/>
        <line num="5" count="0" type="stmt"/>
      </file>
    </package>
    <package name="src.types">
      <metrics statements="0" coveredstatements="0" conditionals="0" coveredconditionals="0" methods="0" coveredmethods="0"/>
      <file name="index.ts" path="/home/h/IT/Move/sui_vibe_hackathon_2026/frontend/src/types/index.ts">
        <metrics statements="0" coveredstatements="0" conditionals="0" coveredconditionals="0" methods="0" coveredmethods="0"/>
      </file>
    </package>
  </project>
</coverage>
