{"/home/h/IT/Move/sui_vibe_hackathon_2026/frontend/src/App.tsx": {"path":"/home/h/IT/Move/sui_vibe_hackathon_2026/frontend/src/App.tsx","statementMap":{"0":{"start":{"line":12,"column":2},"end":{"line":24,"column":null}}},"fnMap":{"0":{"name":"App","decl":{"start":{"line":11,"column":24},"end":{"line":11,"column":30}},"loc":{"start":{"line":11,"column":30},"end":{"line":26,"column":null}},"line":11}},"branchMap":{},"s":{"0":0},"f":{"0":0},"b":{},"meta":{"lastBranch":0,"lastFunction":1,"lastStatement":1,"seen":{"f:11:24:11:30":0,"s:12:2:24:Infinity":0}}}
,"/home/h/IT/Move/sui_vibe_hackathon_2026/frontend/src/constants.ts": {"path":"/home/h/IT/Move/sui_vibe_hackathon_2026/frontend/src/constants.ts","statementMap":{"0":{"start":{"line":2,"column":26},"end":{"line":2,"column":null}},"1":{"start":{"line":5,"column":24},"end":{"line":5,"column":null}},"2":{"start":{"line":8,"column":35},"end":{"line":8,"column":null}},"3":{"start":{"line":9,"column":37},"end":{"line":9,"column":null}},"4":{"start":{"line":10,"column":37},"end":{"line":10,"column":null}},"5":{"start":{"line":11,"column":37},"end":{"line":11,"column":null}},"6":{"start":{"line":14,"column":34},"end":{"line":14,"column":null}},"7":{"start":{"line":15,"column":35},"end":{"line":15,"column":null}},"8":{"start":{"line":16,"column":36},"end":{"line":16,"column":null}}},"fnMap":{},"branchMap":{},"s":{"0":1,"1":1,"2":1,"3":1,"4":1,"5":1,"6":1,"7":1,"8":1},"f":{},"b":{},"meta":{"lastBranch":0,"lastFunction":0,"lastStatement":9,"seen":{"s:2:26:2:Infinity":0,"s:5:24:5:Infinity":1,"s:8:35:8:Infinity":2,"s:9:37:9:Infinity":3,"s:10:37:10:Infinity":4,"s:11:37:11:Infinity":5,"s:14:34:14:Infinity":6,"s:15:35:15:Infinity":7,"s:16:36:16:Infinity":8}}}
,"/home/h/IT/Move/sui_vibe_hackathon_2026/frontend/src/dapp-kit.ts": {"path":"/home/h/IT/Move/sui_vibe_hackathon_2026/frontend/src/dapp-kit.ts","statementMap":{"0":{"start":{"line":4,"column":42},"end":{"line":6,"column":null}},"1":{"start":{"line":8,"column":13},"end":{"line":12,"column":null}},"2":{"start":{"line":11,"column":29},"end":{"line":11,"column":null}}},"fnMap":{"0":{"name":"(anonymous_0)","decl":{"start":{"line":11,"column":16},"end":{"line":11,"column":17}},"loc":{"start":{"line":11,"column":29},"end":{"line":11,"column":null}},"line":11}},"branchMap":{},"s":{"0":0,"1":0,"2":0},"f":{"0":0},"b":{},"meta":{"lastBranch":0,"lastFunction":1,"lastStatement":3,"seen":{"s:4:42:6:Infinity":0,"s:8:13:12:Infinity":1,"f:11:16:11:17":0,"s:11:29:11:Infinity":2}}}
,"/home/h/IT/Move/sui_vibe_hackathon_2026/frontend/src/components/AssetSelector.tsx": {"path":"/home/h/IT/Move/sui_vibe_hackathon_2026/frontend/src/components/AssetSelector.tsx","statementMap":{"0":{"start":{"line":3,"column":2},"end":{"line":3,"column":null}}},"fnMap":{"0":{"name":"AssetSelector","decl":{"start":{"line":2,"column":24},"end":{"line":2,"column":40}},"loc":{"start":{"line":2,"column":40},"end":{"line":4,"column":null}},"line":2}},"branchMap":{},"s":{"0":0},"f":{"0":0},"b":{},"meta":{"lastBranch":0,"lastFunction":1,"lastStatement":1,"seen":{"f:2:24:2:40":0,"s:3:2:3:Infinity":0}}}
,"/home/h/IT/Move/sui_vibe_hackathon_2026/frontend/src/components/CreateEscrowForm.tsx": {"path":"/home/h/IT/Move/sui_vibe_hackathon_2026/frontend/src/components/CreateEscrowForm.tsx","statementMap":{"0":{"start":{"line":3,"column":2},"end":{"line":3,"column":null}}},"fnMap":{"0":{"name":"CreateEscrowForm","decl":{"start":{"line":2,"column":24},"end":{"line":2,"column":43}},"loc":{"start":{"line":2,"column":43},"end":{"line":4,"column":null}},"line":2}},"branchMap":{},"s":{"0":0},"f":{"0":0},"b":{},"meta":{"lastBranch":0,"lastFunction":1,"lastStatement":1,"seen":{"f:2:24:2:43":0,"s:3:2:3:Infinity":0}}}
,"/home/h/IT/Move/sui_vibe_hackathon_2026/frontend/src/components/CreateSwapForm.tsx": {"path":"/home/h/IT/Move/sui_vibe_hackathon_2026/frontend/src/components/CreateSwapForm.tsx","statementMap":{"0":{"start":{"line":3,"column":2},"end":{"line":3,"column":null}}},"fnMap":{"0":{"name":"CreateSwapForm","decl":{"start":{"line":2,"column":24},"end":{"line":2,"column":41}},"loc":{"start":{"line":2,"column":41},"end":{"line":4,"column":null}},"line":2}},"branchMap":{},"s":{"0":0},"f":{"0":0},"b":{},"meta":{"lastBranch":0,"lastFunction":1,"lastStatement":1,"seen":{"f:2:24:2:41":0,"s:3:2:3:Infinity":0}}}
,"/home/h/IT/Move/sui_vibe_hackathon_2026/frontend/src/components/EscrowCard.tsx": {"path":"/home/h/IT/Move/sui_vibe_hackathon_2026/frontend/src/components/EscrowCard.tsx","statementMap":{"0":{"start":{"line":3,"column":2},"end":{"line":3,"column":null}}},"fnMap":{"0":{"name":"EscrowCard","decl":{"start":{"line":2,"column":24},"end":{"line":2,"column":37}},"loc":{"start":{"line":2,"column":37},"end":{"line":4,"column":null}},"line":2}},"branchMap":{},"s":{"0":0},"f":{"0":0},"b":{},"meta":{"lastBranch":0,"lastFunction":1,"lastStatement":1,"seen":{"f:2:24:2:37":0,"s:3:2:3:Infinity":0}}}
,"/home/h/IT/Move/sui_vibe_hackathon_2026/frontend/src/components/EscrowDetail.tsx": {"path":"/home/h/IT/Move/sui_vibe_hackathon_2026/frontend/src/components/EscrowDetail.tsx","statementMap":{"0":{"start":{"line":3,"column":2},"end":{"line":3,"column":null}}},"fnMap":{"0":{"name":"EscrowDetail","decl":{"start":{"line":2,"column":24},"end":{"line":2,"column":39}},"loc":{"start":{"line":2,"column":39},"end":{"line":4,"column":null}},"line":2}},"branchMap":{},"s":{"0":0},"f":{"0":0},"b":{},"meta":{"lastBranch":0,"lastFunction":1,"lastStatement":1,"seen":{"f:2:24:2:39":0,"s:3:2:3:Infinity":0}}}
,"/home/h/IT/Move/sui_vibe_hackathon_2026/frontend/src/components/EscrowList.tsx": {"path":"/home/h/IT/Move/sui_vibe_hackathon_2026/frontend/src/components/EscrowList.tsx","statementMap":{"0":{"start":{"line":3,"column":2},"end":{"line":3,"column":null}}},"fnMap":{"0":{"name":"EscrowList","decl":{"start":{"line":2,"column":24},"end":{"line":2,"column":37}},"loc":{"start":{"line":2,"column":37},"end":{"line":4,"column":null}},"line":2}},"branchMap":{},"s":{"0":0},"f":{"0":0},"b":{},"meta":{"lastBranch":0,"lastFunction":1,"lastStatement":1,"seen":{"f:2:24:2:37":0,"s:3:2:3:Infinity":0}}}
,"/home/h/IT/Move/sui_vibe_hackathon_2026/frontend/src/components/EventTimeline.tsx": {"path":"/home/h/IT/Move/sui_vibe_hackathon_2026/frontend/src/components/EventTimeline.tsx","statementMap":{"0":{"start":{"line":5,"column":2},"end":{"line":5,"column":null}}},"fnMap":{"0":{"name":"EventTimeline","decl":{"start":{"line":4,"column":24},"end":{"line":4,"column":38}},"loc":{"start":{"line":4,"column":85},"end":{"line":6,"column":null}},"line":4}},"branchMap":{},"s":{"0":0},"f":{"0":0},"b":{},"meta":{"lastBranch":0,"lastFunction":1,"lastStatement":1,"seen":{"f:4:24:4:38":0,"s:5:2:5:Infinity":0}}}
,"/home/h/IT/Move/sui_vibe_hackathon_2026/frontend/src/components/Navbar.tsx": {"path":"/home/h/IT/Move/sui_vibe_hackathon_2026/frontend/src/components/Navbar.tsx","statementMap":{"0":{"start":{"line":3,"column":2},"end":{"line":3,"column":null}}},"fnMap":{"0":{"name":"Navbar","decl":{"start":{"line":2,"column":24},"end":{"line":2,"column":33}},"loc":{"start":{"line":2,"column":33},"end":{"line":4,"column":null}},"line":2}},"branchMap":{},"s":{"0":0},"f":{"0":0},"b":{},"meta":{"lastBranch":0,"lastFunction":1,"lastStatement":1,"seen":{"f:2:24:2:33":0,"s:3:2:3:Infinity":0}}}
,"/home/h/IT/Move/sui_vibe_hackathon_2026/frontend/src/components/StatusBadge.tsx": {"path":"/home/h/IT/Move/sui_vibe_hackathon_2026/frontend/src/components/StatusBadge.tsx","statementMap":{"0":{"start":{"line":3,"column":2},"end":{"line":3,"column":null}}},"fnMap":{"0":{"name":"StatusBadge","decl":{"start":{"line":2,"column":24},"end":{"line":2,"column":36}},"loc":{"start":{"line":2,"column":74},"end":{"line":4,"column":null}},"line":2}},"branchMap":{},"s":{"0":0},"f":{"0":0},"b":{},"meta":{"lastBranch":0,"lastFunction":1,"lastStatement":1,"seen":{"f:2:24:2:36":0,"s:3:2:3:Infinity":0}}}
,"/home/h/IT/Move/sui_vibe_hackathon_2026/frontend/src/components/SwapCard.tsx": {"path":"/home/h/IT/Move/sui_vibe_hackathon_2026/frontend/src/components/SwapCard.tsx","statementMap":{"0":{"start":{"line":3,"column":2},"end":{"line":3,"column":null}}},"fnMap":{"0":{"name":"SwapCard","decl":{"start":{"line":2,"column":24},"end":{"line":2,"column":35}},"loc":{"start":{"line":2,"column":35},"end":{"line":4,"column":null}},"line":2}},"branchMap":{},"s":{"0":0},"f":{"0":0},"b":{},"meta":{"lastBranch":0,"lastFunction":1,"lastStatement":1,"seen":{"f:2:24:2:35":0,"s:3:2:3:Infinity":0}}}
,"/home/h/IT/Move/sui_vibe_hackathon_2026/frontend/src/components/SwapDetail.tsx": {"path":"/home/h/IT/Move/sui_vibe_hackathon_2026/frontend/src/components/SwapDetail.tsx","statementMap":{"0":{"start":{"line":3,"column":2},"end":{"line":3,"column":null}}},"fnMap":{"0":{"name":"SwapDetail","decl":{"start":{"line":2,"column":24},"end":{"line":2,"column":37}},"loc":{"start":{"line":2,"column":37},"end":{"line":4,"column":null}},"line":2}},"branchMap":{},"s":{"0":0},"f":{"0":0},"b":{},"meta":{"lastBranch":0,"lastFunction":1,"lastStatement":1,"seen":{"f:2:24:2:37":0,"s:3:2:3:Infinity":0}}}
,"/home/h/IT/Move/sui_vibe_hackathon_2026/frontend/src/components/SwapList.tsx": {"path":"/home/h/IT/Move/sui_vibe_hackathon_2026/frontend/src/components/SwapList.tsx","statementMap":{"0":{"start":{"line":3,"column":2},"end":{"line":3,"column":null}}},"fnMap":{"0":{"name":"SwapList","decl":{"start":{"line":2,"column":24},"end":{"line":2,"column":35}},"loc":{"start":{"line":2,"column":35},"end":{"line":4,"column":null}},"line":2}},"branchMap":{},"s":{"0":0},"f":{"0":0},"b":{},"meta":{"lastBranch":0,"lastFunction":1,"lastStatement":1,"seen":{"f:2:24:2:35":0,"s:3:2:3:Infinity":0}}}
,"/home/h/IT/Move/sui_vibe_hackathon_2026/frontend/src/hooks/useEscrow.ts": {"path":"/home/h/IT/Move/sui_vibe_hackathon_2026/frontend/src/hooks/useEscrow.ts","statementMap":{"0":{"start":{"line":41,"column":2},"end":{"line":41,"column":null}}},"fnMap":{"0":{"name":"useCreateEscrow","decl":{"start":{"line":11,"column":16},"end":{"line":11,"column":34}},"loc":{"start":{"line":11,"column":34},"end":{"line":13,"column":null}},"line":11},"1":{"name":"useConfirmEscrow","decl":{"start":{"line":15,"column":16},"end":{"line":15,"column":35}},"loc":{"start":{"line":15,"column":35},"end":{"line":17,"column":null}},"line":15},"2":{"name":"useDisputeEscrow","decl":{"start":{"line":19,"column":16},"end":{"line":19,"column":35}},"loc":{"start":{"line":19,"column":35},"end":{"line":21,"column":null}},"line":19},"3":{"name":"useRejectEscrow","decl":{"start":{"line":23,"column":16},"end":{"line":23,"column":34}},"loc":{"start":{"line":23,"column":34},"end":{"line":25,"column":null}},"line":23},"4":{"name":"useArbiterResolve","decl":{"start":{"line":27,"column":16},"end":{"line":27,"column":36}},"loc":{"start":{"line":27,"column":36},"end":{"line":29,"column":null}},"line":27},"5":{"name":"useTimelockRefund","decl":{"start":{"line":31,"column":16},"end":{"line":31,"column":36}},"loc":{"start":{"line":31,"column":36},"end":{"line":33,"column":null}},"line":31},"6":{"name":"useDestroyEscrow","decl":{"start":{"line":35,"column":16},"end":{"line":35,"column":35}},"loc":{"start":{"line":35,"column":35},"end":{"line":37,"column":null}},"line":35},"7":{"name":"useMyEscrows","decl":{"start":{"line":39,"column":16},"end":{"line":39,"column":29}},"loc":{"start":{"line":39,"column":59},"end":{"line":42,"column":null}},"line":39},"8":{"name":"(anonymous_8)","decl":{"start":{"line":41,"column":61},"end":{"line":41,"column":67}},"loc":{"start":{"line":41,"column":67},"end":{"line":41,"column":70}},"line":41}},"branchMap":{},"s":{"0":0},"f":{"0":0,"1":0,"2":0,"3":0,"4":0,"5":0,"6":0,"7":0,"8":0},"b":{},"meta":{"lastBranch":0,"lastFunction":9,"lastStatement":1,"seen":{"f:11:16:11:34":0,"f:15:16:15:35":1,"f:19:16:19:35":2,"f:23:16:23:34":3,"f:27:16:27:36":4,"f:31:16:31:36":5,"f:35:16:35:35":6,"f:39:16:39:29":7,"s:41:2:41:Infinity":0,"f:41:61:41:67":8}}}
,"/home/h/IT/Move/sui_vibe_hackathon_2026/frontend/src/hooks/useSwap.ts": {"path":"/home/h/IT/Move/sui_vibe_hackathon_2026/frontend/src/hooks/useSwap.ts","statementMap":{"0":{"start":{"line":25,"column":2},"end":{"line":25,"column":null}},"1":{"start":{"line":30,"column":2},"end":{"line":30,"column":null}}},"fnMap":{"0":{"name":"useCreateSwap","decl":{"start":{"line":7,"column":16},"end":{"line":7,"column":32}},"loc":{"start":{"line":7,"column":32},"end":{"line":9,"column":null}},"line":7},"1":{"name":"useExecuteSwap","decl":{"start":{"line":11,"column":16},"end":{"line":11,"column":33}},"loc":{"start":{"line":11,"column":33},"end":{"line":13,"column":null}},"line":11},"2":{"name":"useCancelSwap","decl":{"start":{"line":15,"column":16},"end":{"line":15,"column":32}},"loc":{"start":{"line":15,"column":32},"end":{"line":17,"column":null}},"line":15},"3":{"name":"useDestroySwap","decl":{"start":{"line":19,"column":16},"end":{"line":19,"column":33}},"loc":{"start":{"line":19,"column":33},"end":{"line":21,"column":null}},"line":19},"4":{"name":"useMySwaps","decl":{"start":{"line":23,"column":16},"end":{"line":23,"column":27}},"loc":{"start":{"line":23,"column":57},"end":{"line":26,"column":null}},"line":23},"5":{"name":"(anonymous_5)","decl":{"start":{"line":25,"column":61},"end":{"line":25,"column":67}},"loc":{"start":{"line":25,"column":67},"end":{"line":25,"column":70}},"line":25},"6":{"name":"useSwapDetail","decl":{"start":{"line":28,"column":16},"end":{"line":28,"column":30}},"loc":{"start":{"line":28,"column":59},"end":{"line":31,"column":null}},"line":28}},"branchMap":{},"s":{"0":0,"1":0},"f":{"0":0,"1":0,"2":0,"3":0,"4":0,"5":0,"6":0},"b":{},"meta":{"lastBranch":0,"lastFunction":7,"lastStatement":2,"seen":{"f:7:16:7:32":0,"f:11:16:11:33":1,"f:15:16:15:32":2,"f:19:16:19:33":3,"f:23:16:23:27":4,"s:25:2:25:Infinity":0,"f:25:61:25:67":5,"f:28:16:28:30":6,"s:30:2:30:Infinity":1}}}
,"/home/h/IT/Move/sui_vibe_hackathon_2026/frontend/src/pages/CreateEscrow.tsx": {"path":"/home/h/IT/Move/sui_vibe_hackathon_2026/frontend/src/pages/CreateEscrow.tsx","statementMap":{"0":{"start":{"line":5,"column":2},"end":{"line":8,"column":null}}},"fnMap":{"0":{"name":"CreateEscrow","decl":{"start":{"line":4,"column":24},"end":{"line":4,"column":39}},"loc":{"start":{"line":4,"column":39},"end":{"line":10,"column":null}},"line":4}},"branchMap":{},"s":{"0":0},"f":{"0":0},"b":{},"meta":{"lastBranch":0,"lastFunction":1,"lastStatement":1,"seen":{"f:4:24:4:39":0,"s:5:2:8:Infinity":0}}}
,"/home/h/IT/Move/sui_vibe_hackathon_2026/frontend/src/pages/CreateSwap.tsx": {"path":"/home/h/IT/Move/sui_vibe_hackathon_2026/frontend/src/pages/CreateSwap.tsx","statementMap":{"0":{"start":{"line":5,"column":2},"end":{"line":8,"column":null}}},"fnMap":{"0":{"name":"CreateSwap","decl":{"start":{"line":4,"column":24},"end":{"line":4,"column":37}},"loc":{"start":{"line":4,"column":37},"end":{"line":10,"column":null}},"line":4}},"branchMap":{},"s":{"0":0},"f":{"0":0},"b":{},"meta":{"lastBranch":0,"lastFunction":1,"lastStatement":1,"seen":{"f:4:24:4:37":0,"s:5:2:8:Infinity":0}}}
,"/home/h/IT/Move/sui_vibe_hackathon_2026/frontend/src/pages/EscrowDetailPage.tsx": {"path":"/home/h/IT/Move/sui_vibe_hackathon_2026/frontend/src/pages/EscrowDetailPage.tsx","statementMap":{"0":{"start":{"line":5,"column":2},"end":{"line":8,"column":null}}},"fnMap":{"0":{"name":"EscrowDetailPage","decl":{"start":{"line":4,"column":24},"end":{"line":4,"column":43}},"loc":{"start":{"line":4,"column":43},"end":{"line":10,"column":null}},"line":4}},"branchMap":{},"s":{"0":0},"f":{"0":0},"b":{},"meta":{"lastBranch":0,"lastFunction":1,"lastStatement":1,"seen":{"f:4:24:4:43":0,"s:5:2:8:Infinity":0}}}
,"/home/h/IT/Move/sui_vibe_hackathon_2026/frontend/src/pages/Landing.tsx": {"path":"/home/h/IT/Move/sui_vibe_hackathon_2026/frontend/src/pages/Landing.tsx","statementMap":{"0":{"start":{"line":3,"column":2},"end":{"line":3,"column":null}}},"fnMap":{"0":{"name":"Landing","decl":{"start":{"line":2,"column":24},"end":{"line":2,"column":34}},"loc":{"start":{"line":2,"column":34},"end":{"line":4,"column":null}},"line":2}},"branchMap":{},"s":{"0":0},"f":{"0":0},"b":{},"meta":{"lastBranch":0,"lastFunction":1,"lastStatement":1,"seen":{"f:2:24:2:34":0,"s:3:2:3:Infinity":0}}}
,"/home/h/IT/Move/sui_vibe_hackathon_2026/frontend/src/pages/MyEscrows.tsx": {"path":"/home/h/IT/Move/sui_vibe_hackathon_2026/frontend/src/pages/MyEscrows.tsx","statementMap":{"0":{"start":{"line":5,"column":2},"end":{"line":8,"column":null}}},"fnMap":{"0":{"name":"MyEscrows","decl":{"start":{"line":4,"column":24},"end":{"line":4,"column":36}},"loc":{"start":{"line":4,"column":36},"end":{"line":10,"column":null}},"line":4}},"branchMap":{},"s":{"0":0},"f":{"0":0},"b":{},"meta":{"lastBranch":0,"lastFunction":1,"lastStatement":1,"seen":{"f:4:24:4:36":0,"s:5:2:8:Infinity":0}}}
,"/home/h/IT/Move/sui_vibe_hackathon_2026/frontend/src/pages/MySwaps.tsx": {"path":"/home/h/IT/Move/sui_vibe_hackathon_2026/frontend/src/pages/MySwaps.tsx","statementMap":{"0":{"start":{"line":5,"column":2},"end":{"line":8,"column":null}}},"fnMap":{"0":{"name":"MySwaps","decl":{"start":{"line":4,"column":24},"end":{"line":4,"column":34}},"loc":{"start":{"line":4,"column":34},"end":{"line":10,"column":null}},"line":4}},"branchMap":{},"s":{"0":0},"f":{"0":0},"b":{},"meta":{"lastBranch":0,"lastFunction":1,"lastStatement":1,"seen":{"f:4:24:4:34":0,"s:5:2:8:Infinity":0}}}
,"/home/h/IT/Move/sui_vibe_hackathon_2026/frontend/src/pages/SwapDetailPage.tsx": {"path":"/home/h/IT/Move/sui_vibe_hackathon_2026/frontend/src/pages/SwapDetailPage.tsx","statementMap":{"0":{"start":{"line":5,"column":2},"end":{"line":8,"column":null}}},"fnMap":{"0":{"name":"SwapDetailPage","decl":{"start":{"line":4,"column":24},"end":{"line":4,"column":41}},"loc":{"start":{"line":4,"column":41},"end":{"line":10,"column":null}},"line":4}},"branchMap":{},"s":{"0":0},"f":{"0":0},"b":{},"meta":{"lastBranch":0,"lastFunction":1,"lastStatement":1,"seen":{"f:4:24:4:41":0,"s:5:2:8:Infinity":0}}}
,"/home/h/IT/Move/sui_vibe_hackathon_2026/frontend/src/types/index.ts": {"path":"/home/h/IT/Move/sui_vibe_hackathon_2026/frontend/src/types/index.ts","statementMap":{},"fnMap":{},"branchMap":{},"s":{},"f":{},"b":{},"meta":{"lastBranch":0,"lastFunction":0,"lastStatement":0,"seen":{}}}
}
